ARM GAS  C:\Users\skipi\AppData\Local\Temp\ccbf8u4J.s 			page 1


   1              		.cpu cortex-m7
   2              		.eabi_attribute 28, 1
   3              		.eabi_attribute 20, 1
   4              		.eabi_attribute 21, 1
   5              		.eabi_attribute 23, 3
   6              		.eabi_attribute 24, 1
   7              		.eabi_attribute 25, 1
   8              		.eabi_attribute 26, 1
   9              		.eabi_attribute 30, 2
  10              		.eabi_attribute 34, 1
  11              		.eabi_attribute 18, 4
  12              		.file	"Ramo.cpp"
  13              		.text
  14              	.Ltext0:
  15              		.cfi_sections	.debug_frame
  16              		.section	.text._ZN4RamoC2Ev,"ax",%progbits
  17              		.align	1
  18              		.p2align 2,,3
  19              		.global	_ZN4RamoC2Ev
  20              		.arch armv7e-m
  21              		.syntax unified
  22              		.thumb
  23              		.thumb_func
  24              		.fpu fpv5-d16
  26              	_ZN4RamoC2Ev:
  27              	.LVL0:
  28              	.LFB4815:
  29              		.file 1 "src/Ramo.cpp"
   1:src/Ramo.cpp  **** 
   2:src/Ramo.cpp  **** #include "Ramo.h"
   3:src/Ramo.cpp  **** 
   4:src/Ramo.cpp  **** using namespace daisysp;
   5:src/Ramo.cpp  **** 
   6:src/Ramo.cpp  **** Ramo::Ramo()
  30              		.loc 1 6 1 view -0
  31              		.cfi_startproc
  32              		@ args = 0, pretend = 0, frame = 0
  33              		@ frame_needed = 0, uses_anonymous_args = 0
  34              		@ link register save eliminated.
   7:src/Ramo.cpp  **** {
   8:src/Ramo.cpp  **** }
  35              		.loc 1 8 1 is_stmt 0 view .LVU1
  36 0000 7047     		bx	lr
  37              		.cfi_endproc
  38              	.LFE4815:
  40              		.global	_ZN4RamoC1Ev
  41              		.thumb_set _ZN4RamoC1Ev,_ZN4RamoC2Ev
  42 0002 00BF     		.section	.text._ZN4RamoD2Ev,"ax",%progbits
  43              		.align	1
  44              		.p2align 2,,3
  45              		.global	_ZN4RamoD2Ev
  46              		.syntax unified
  47              		.thumb
  48              		.thumb_func
  49              		.fpu fpv5-d16
  51              	_ZN4RamoD2Ev:
  52              	.LVL1:
ARM GAS  C:\Users\skipi\AppData\Local\Temp\ccbf8u4J.s 			page 2


  53              	.LFB4818:
   9:src/Ramo.cpp  **** 
  10:src/Ramo.cpp  **** Ramo::~Ramo()
  54              		.loc 1 10 1 is_stmt 1 view -0
  55              		.cfi_startproc
  56              		@ args = 0, pretend = 0, frame = 0
  57              		@ frame_needed = 0, uses_anonymous_args = 0
  58              		@ link register save eliminated.
  11:src/Ramo.cpp  **** {
  12:src/Ramo.cpp  ****     // Cleanup if needed
  13:src/Ramo.cpp  **** }
  59              		.loc 1 13 1 is_stmt 0 view .LVU3
  60 0000 7047     		bx	lr
  61              		.cfi_endproc
  62              	.LFE4818:
  64              		.global	_ZN4RamoD1Ev
  65              		.thumb_set _ZN4RamoD1Ev,_ZN4RamoD2Ev
  66 0002 00BF     		.section	.text._ZN4Ramo4InitEf,"ax",%progbits
  67              		.align	1
  68              		.p2align 2,,3
  69              		.global	_ZN4Ramo4InitEf
  70              		.syntax unified
  71              		.thumb
  72              		.thumb_func
  73              		.fpu fpv5-d16
  75              	_ZN4Ramo4InitEf:
  76              	.LVL2:
  77              	.LFB4820:
  14:src/Ramo.cpp  **** 
  15:src/Ramo.cpp  **** void Ramo::Init(float sample_rate) // initialization
  16:src/Ramo.cpp  **** {
  78              		.loc 1 16 1 is_stmt 1 view -0
  79              		.cfi_startproc
  80              		@ args = 0, pretend = 0, frame = 0
  81              		@ frame_needed = 0, uses_anonymous_args = 0
  82              		@ link register save eliminated.
  17:src/Ramo.cpp  ****     _sr = sample_rate;
  83              		.loc 1 17 5 view .LVU5
  18:src/Ramo.cpp  ****     _sr_recip = 1.0f / sample_rate;
  84              		.loc 1 18 22 is_stmt 0 view .LVU6
  85 0000 F7EE006A 		vmov.f32	s13, #1.0e+0
  19:src/Ramo.cpp  ****     _freq = 100.0f;
  86              		.loc 1 19 11 view .LVU7
  87 0004 DFED107A 		vldr.32	s15, .L5
  20:src/Ramo.cpp  ****     _phase_inc[0] = CalcPhaseInc(_freq);
  21:src/Ramo.cpp  ****     _phase_inc[1] = CalcPhaseInc(_freq);
  22:src/Ramo.cpp  ****     _pw = 0.5f;
  88              		.loc 1 22 9 view .LVU8
  89 0008 4FF07C53 		mov	r3, #1056964608
  90              	.LBB16:
  23:src/Ramo.cpp  ****     _tresh = 1.0f;
  24:src/Ramo.cpp  ****     
  25:src/Ramo.cpp  ****     
  26:src/Ramo.cpp  **** 
  27:src/Ramo.cpp  ****     for (int i = 0; i < 2; i++) {
  28:src/Ramo.cpp  ****         _amp[i] = 0.5f;
  29:src/Ramo.cpp  ****         _phase[i] = 0.0f;
ARM GAS  C:\Users\skipi\AppData\Local\Temp\ccbf8u4J.s 			page 3


  91              		.loc 1 29 19 view .LVU9
  92 000c 0022     		movs	r2, #0
  93              	.LBE16:
  19:src/Ramo.cpp  ****     _phase_inc[0] = CalcPhaseInc(_freq);
  94              		.loc 1 19 11 view .LVU10
  95 000e C0ED037A 		vstr.32	s15, [r0, #12]
  96              	.LBB17:
  30:src/Ramo.cpp  ****         _waveform[i] = WAVE_SIN;
  97              		.loc 1 30 22 view .LVU11
  98 0012 4FF0000C 		mov	ip, #0
  99              	.LBE17:
  18:src/Ramo.cpp  ****     _freq = 100.0f;
 100              		.loc 1 18 22 view .LVU12
 101 0016 86EE807A 		vdiv.f32	s14, s13, s0
 102              	.LBB18:
  31:src/Ramo.cpp  ****         _eoc[i] = true;
  32:src/Ramo.cpp  ****         _eor[i] = true;
 103              		.loc 1 32 17 view .LVU13
 104 001a 4FF00131 		mov	r1, #16843009
 105              	.LBE18:
  17:src/Ramo.cpp  ****     _sr_recip = 1.0f / sample_rate;
 106              		.loc 1 17 9 view .LVU14
 107 001e 80ED070A 		vstr.32	s0, [r0, #28]
  18:src/Ramo.cpp  ****     _freq = 100.0f;
 108              		.loc 1 18 5 is_stmt 1 view .LVU15
  22:src/Ramo.cpp  ****     _tresh = 1.0f;
 109              		.loc 1 22 9 is_stmt 0 view .LVU16
 110 0022 0361     		str	r3, [r0, #16]	@ float
  23:src/Ramo.cpp  ****     
 111              		.loc 1 23 12 view .LVU17
 112 0024 C0ED056A 		vstr.32	s13, [r0, #20]
 113              	.LBB19:
  28:src/Ramo.cpp  ****         _phase[i] = 0.0f;
 114              		.loc 1 28 17 view .LVU18
 115 0028 4360     		str	r3, [r0, #4]	@ float
  29:src/Ramo.cpp  ****         _waveform[i] = WAVE_SIN;
 116              		.loc 1 29 19 view .LVU19
 117 002a 4262     		str	r2, [r0, #36]	@ float
  28:src/Ramo.cpp  ****         _phase[i] = 0.0f;
 118              		.loc 1 28 17 view .LVU20
 119 002c 8360     		str	r3, [r0, #8]	@ float
  29:src/Ramo.cpp  ****         _waveform[i] = WAVE_SIN;
 120              		.loc 1 29 19 view .LVU21
 121 002e 8262     		str	r2, [r0, #40]	@ float
  30:src/Ramo.cpp  ****         _eoc[i] = true;
 122              		.loc 1 30 22 view .LVU22
 123 0030 A0F800C0 		strh	ip, [r0]	@ movhi
 124              		.loc 1 32 17 view .LVU23
 125 0034 4163     		str	r1, [r0, #52]
 126              	.LBE19:
 127              	.LBB20:
 128              	.LBB21:
  33:src/Ramo.cpp  ****     }
  34:src/Ramo.cpp  **** 
  35:src/Ramo.cpp  **** }
  36:src/Ramo.cpp  **** 
  37:src/Ramo.cpp  **** float Ramo::Process()
ARM GAS  C:\Users\skipi\AppData\Local\Temp\ccbf8u4J.s 			page 4


  38:src/Ramo.cpp  **** {
  39:src/Ramo.cpp  ****     float out[n], t[n], s[n];
  40:src/Ramo.cpp  ****     for (int i = 0; i < n; i++)
  41:src/Ramo.cpp  ****     {
  42:src/Ramo.cpp  ****         switch (_waveform[i])
  43:src/Ramo.cpp  ****         {
  44:src/Ramo.cpp  ****         case WAVE_SIN:
  45:src/Ramo.cpp  ****             out[i] = sinf(_phase[i] * TWOPI_F);
  46:src/Ramo.cpp  ****             break;
  47:src/Ramo.cpp  ****         case WAVE_TRI:
  48:src/Ramo.cpp  ****             t[i] = abs(-1.0f + (2.0f * _phase[i]));
  49:src/Ramo.cpp  ****             t[i] = 2 *  (t[i] - 0.5f); 
  50:src/Ramo.cpp  ****             if (t[i] > _tresh)
  51:src/Ramo.cpp  ****             {
  52:src/Ramo.cpp  ****                 out[i] = (- t[i] + 2 * _tresh) * 1/_tresh;
  53:src/Ramo.cpp  ****             }
  54:src/Ramo.cpp  ****             else if (t[i] < -_tresh)
  55:src/Ramo.cpp  ****             {
  56:src/Ramo.cpp  ****                 out[i] = (- t[i] - 2 * _tresh) * 1/_tresh;
  57:src/Ramo.cpp  ****             }
  58:src/Ramo.cpp  ****             else
  59:src/Ramo.cpp  ****             {
  60:src/Ramo.cpp  ****                 out[i] = t[i] *  1/_tresh;
  61:src/Ramo.cpp  ****             }
  62:src/Ramo.cpp  **** 
  63:src/Ramo.cpp  ****             break;
  64:src/Ramo.cpp  ****         case WAVE_SAW:
  65:src/Ramo.cpp  ****         if (_phase[i] > _c-0.05 && _phase[i] < 0.95-_c || _c==0)
  66:src/Ramo.cpp  ****         {
  67:src/Ramo.cpp  ****             out[i] =- 1.0f+((_phase[i] * 2.0f));
  68:src/Ramo.cpp  ****         }else{
  69:src/Ramo.cpp  ****             out[i] = 1.0f-(_phase[i] * 2.0f);
  70:src/Ramo.cpp  ****         }
  71:src/Ramo.cpp  ****             
  72:src/Ramo.cpp  ****             break;
  73:src/Ramo.cpp  ****         case WAVE_SQUARE:
  74:src/Ramo.cpp  ****             out[i] = _phase[i] < _pw ? (1.0f) : -1.0f;
  75:src/Ramo.cpp  ****             break;
  76:src/Ramo.cpp  ****         default:
  77:src/Ramo.cpp  ****             out[i] = 0.0f;
  78:src/Ramo.cpp  ****             break;
  79:src/Ramo.cpp  ****         }
  80:src/Ramo.cpp  ****         _phase[i] += _phase_inc[i];
  81:src/Ramo.cpp  **** 
  82:src/Ramo.cpp  ****         if (_phase[i] > 1.0f)
  83:src/Ramo.cpp  ****         {
  84:src/Ramo.cpp  ****             _phase[i] -= 1.0f;
  85:src/Ramo.cpp  ****             _eoc[i] = true;
  86:src/Ramo.cpp  ****         }
  87:src/Ramo.cpp  ****         else
  88:src/Ramo.cpp  ****         {
  89:src/Ramo.cpp  ****             _eoc[i] = false;
  90:src/Ramo.cpp  ****         }
  91:src/Ramo.cpp  ****         _eor[i] = (_phase[i] - _phase_inc[i] < 0.5f && _phase[i] >= 0.5f);
  92:src/Ramo.cpp  ****     }
  93:src/Ramo.cpp  **** 
  94:src/Ramo.cpp  ****     return out[0] * _amp[0] + out[1] * _amp[1];
ARM GAS  C:\Users\skipi\AppData\Local\Temp\ccbf8u4J.s 			page 5


  95:src/Ramo.cpp  **** }
  96:src/Ramo.cpp  **** 
  97:src/Ramo.cpp  **** float Ramo::CalcPhaseInc(float f)
  98:src/Ramo.cpp  **** {
  99:src/Ramo.cpp  ****     return f * _sr_recip;
 129              		.loc 1 99 16 view .LVU24
 130 0036 67EE277A 		vmul.f32	s15, s14, s15
 131              	.LBE21:
 132              	.LBE20:
  18:src/Ramo.cpp  ****     _freq = 100.0f;
 133              		.loc 1 18 15 view .LVU25
 134 003a 80ED087A 		vstr.32	s14, [r0, #32]
  19:src/Ramo.cpp  ****     _phase_inc[0] = CalcPhaseInc(_freq);
 135              		.loc 1 19 5 is_stmt 1 view .LVU26
  20:src/Ramo.cpp  ****     _phase_inc[1] = CalcPhaseInc(_freq);
 136              		.loc 1 20 5 view .LVU27
 137              	.LVL3:
 138              	.LBB23:
 139              	.LBI20:
  97:src/Ramo.cpp  **** {
 140              		.loc 1 97 7 view .LVU28
 141              	.LBB22:
 142              		.loc 1 99 5 view .LVU29
 143              		.loc 1 99 5 is_stmt 0 view .LVU30
 144              	.LBE22:
 145              	.LBE23:
  20:src/Ramo.cpp  ****     _phase_inc[1] = CalcPhaseInc(_freq);
 146              		.loc 1 20 19 view .LVU31
 147 003e C0ED0B7A 		vstr.32	s15, [r0, #44]
  21:src/Ramo.cpp  ****     _pw = 0.5f;
 148              		.loc 1 21 5 is_stmt 1 view .LVU32
 149              	.LVL4:
 150              		.loc 1 99 5 view .LVU33
  21:src/Ramo.cpp  ****     _pw = 0.5f;
 151              		.loc 1 21 19 is_stmt 0 view .LVU34
 152 0042 C0ED0C7A 		vstr.32	s15, [r0, #48]
  22:src/Ramo.cpp  ****     _tresh = 1.0f;
 153              		.loc 1 22 5 is_stmt 1 view .LVU35
  23:src/Ramo.cpp  ****     
 154              		.loc 1 23 5 view .LVU36
  27:src/Ramo.cpp  ****         _amp[i] = 0.5f;
 155              		.loc 1 27 5 view .LVU37
 156              	.LVL5:
 157              	.LBB24:
  27:src/Ramo.cpp  ****         _amp[i] = 0.5f;
 158              		.loc 1 27 23 view .LVU38
  28:src/Ramo.cpp  ****         _phase[i] = 0.0f;
 159              		.loc 1 28 9 view .LVU39
  29:src/Ramo.cpp  ****         _waveform[i] = WAVE_SIN;
 160              		.loc 1 29 9 view .LVU40
  30:src/Ramo.cpp  ****         _eoc[i] = true;
 161              		.loc 1 30 9 view .LVU41
  31:src/Ramo.cpp  ****         _eor[i] = true;
 162              		.loc 1 31 9 view .LVU42
  32:src/Ramo.cpp  ****     }
 163              		.loc 1 32 9 view .LVU43
  27:src/Ramo.cpp  ****         _amp[i] = 0.5f;
ARM GAS  C:\Users\skipi\AppData\Local\Temp\ccbf8u4J.s 			page 6


 164              		.loc 1 27 5 view .LVU44
  27:src/Ramo.cpp  ****         _amp[i] = 0.5f;
 165              		.loc 1 27 23 view .LVU45
  28:src/Ramo.cpp  ****         _phase[i] = 0.0f;
 166              		.loc 1 28 9 view .LVU46
  29:src/Ramo.cpp  ****         _waveform[i] = WAVE_SIN;
 167              		.loc 1 29 9 view .LVU47
  30:src/Ramo.cpp  ****         _eoc[i] = true;
 168              		.loc 1 30 9 view .LVU48
  31:src/Ramo.cpp  ****         _eor[i] = true;
 169              		.loc 1 31 9 view .LVU49
  32:src/Ramo.cpp  ****     }
 170              		.loc 1 32 9 view .LVU50
  27:src/Ramo.cpp  ****         _amp[i] = 0.5f;
 171              		.loc 1 27 5 view .LVU51
  27:src/Ramo.cpp  ****         _amp[i] = 0.5f;
 172              		.loc 1 27 23 view .LVU52
 173              	.LBE24:
  35:src/Ramo.cpp  **** 
 174              		.loc 1 35 1 is_stmt 0 view .LVU53
 175 0046 7047     		bx	lr
 176              	.L6:
 177              		.align	2
 178              	.L5:
 179 0048 0000C842 		.word	1120403456
 180              		.cfi_endproc
 181              	.LFE4820:
 183              		.section	.text._ZN4Ramo7ProcessEv,"ax",%progbits
 184              		.align	1
 185              		.p2align 2,,3
 186              		.global	_ZN4Ramo7ProcessEv
 187              		.syntax unified
 188              		.thumb
 189              		.thumb_func
 190              		.fpu fpv5-d16
 192              	_ZN4Ramo7ProcessEv:
 193              	.LVL6:
 194              	.LFB4821:
  38:src/Ramo.cpp  ****     float out[n], t[n], s[n];
 195              		.loc 1 38 1 is_stmt 1 view -0
 196              		.cfi_startproc
 197              		@ args = 0, pretend = 0, frame = 8
 198              		@ frame_needed = 0, uses_anonymous_args = 0
  39:src/Ramo.cpp  ****     for (int i = 0; i < n; i++)
 199              		.loc 1 39 5 view .LVU55
  40:src/Ramo.cpp  ****     {
 200              		.loc 1 40 5 view .LVU56
 201              	.LBB25:
  40:src/Ramo.cpp  ****     {
 202              		.loc 1 40 23 view .LVU57
 203              	.LBE25:
  38:src/Ramo.cpp  ****     float out[n], t[n], s[n];
 204              		.loc 1 38 1 is_stmt 0 view .LVU58
 205 0000 2DE9F041 		push	{r4, r5, r6, r7, r8, lr}
 206              		.cfi_def_cfa_offset 24
 207              		.cfi_offset 4, -24
 208              		.cfi_offset 5, -20
ARM GAS  C:\Users\skipi\AppData\Local\Temp\ccbf8u4J.s 			page 7


 209              		.cfi_offset 6, -16
 210              		.cfi_offset 7, -12
 211              		.cfi_offset 8, -8
 212              		.cfi_offset 14, -4
 213 0004 2DED028B 		vpush.64	{d8}
 214              		.cfi_def_cfa_offset 32
 215              		.cfi_offset 80, -32
 216              		.cfi_offset 81, -28
 217 0008 82B0     		sub	sp, sp, #8
 218              		.cfi_def_cfa_offset 40
  38:src/Ramo.cpp  ****     float out[n], t[n], s[n];
 219              		.loc 1 38 1 view .LVU59
 220 000a 0646     		mov	r6, r0
 221 000c 451E     		subs	r5, r0, #1
 222 000e 00F12404 		add	r4, r0, #36
 223 0012 6F46     		mov	r7, sp
 224              	.LVL7:
 225              	.L29:
 226              	.LBB30:
  42:src/Ramo.cpp  ****         {
 227              		.loc 1 42 9 is_stmt 1 view .LVU60
 228 0014 A846     		mov	r8, r5
 229 0016 15F8013F 		ldrb	r3, [r5, #1]!	@ zero_extendqisi2
 230 001a 032B     		cmp	r3, #3
 231 001c 00F2C280 		bhi	.L8
 232 0020 DFE803F0 		tbb	[pc, r3]
 233              	.L10:
 234 0024 92       		.byte	(.L13-.L10)/2
 235 0025 74       		.byte	(.L12-.L10)/2
 236 0026 26       		.byte	(.L11-.L10)/2
 237 0027 02       		.byte	(.L9-.L10)/2
 238              		.p2align 1
 239              	.L9:
  64:src/Ramo.cpp  ****         if (_phase[i] > _c-0.05 && _phase[i] < 0.95-_c || _c==0)
 240              		.loc 1 64 9 view .LVU61
  65:src/Ramo.cpp  ****         {
 241              		.loc 1 65 9 view .LVU62
  65:src/Ramo.cpp  ****         {
 242              		.loc 1 65 25 is_stmt 0 view .LVU63
 243 0028 D6ED066A 		vldr.32	s13, [r6, #24]
  65:src/Ramo.cpp  ****         {
 244              		.loc 1 65 21 view .LVU64
 245 002c 94ED008A 		vldr.32	s16, [r4]
  65:src/Ramo.cpp  ****         {
 246              		.loc 1 65 25 view .LVU65
 247 0030 B7EEE64A 		vcvt.f64.f32	d4, s13
  65:src/Ramo.cpp  ****         {
 248              		.loc 1 65 21 view .LVU66
 249 0034 B7EEC85A 		vcvt.f64.f32	d5, s16
  65:src/Ramo.cpp  ****         {
 250              		.loc 1 65 27 view .LVU67
 251 0038 9FED5D7B 		vldr.64	d7, .L43
 252 003c 34EE477B 		vsub.f64	d7, d4, d7
  65:src/Ramo.cpp  ****         {
 253              		.loc 1 65 9 view .LVU68
 254 0040 B4EEC75B 		vcmpe.f64	d5, d7
 255 0044 F1EE10FA 		vmrs	APSR_nzcv, FPSCR
ARM GAS  C:\Users\skipi\AppData\Local\Temp\ccbf8u4J.s 			page 8


 256 0048 40F38980 		ble	.L19
  65:src/Ramo.cpp  ****         {
 257              		.loc 1 65 52 discriminator 1 view .LVU69
 258 004c 9FED5A7B 		vldr.64	d7, .L43+8
 259 0050 37EE444B 		vsub.f64	d4, d7, d4
  65:src/Ramo.cpp  ****         {
 260              		.loc 1 65 33 discriminator 1 view .LVU70
 261 0054 B4EEC45B 		vcmpe.f64	d5, d4
 262 0058 F1EE10FA 		vmrs	APSR_nzcv, FPSCR
 263 005c 7FD5     		bpl	.L19
 264              	.L21:
  67:src/Ramo.cpp  ****         }else{
 265              		.loc 1 67 13 is_stmt 1 view .LVU71
  67:src/Ramo.cpp  ****         }else{
 266              		.loc 1 67 27 is_stmt 0 view .LVU72
 267 005e B0EE007A 		vmov.f32	s14, #2.0e+0
 268 0062 FFEE007A 		vmov.f32	s15, #-1.0e+0
 269 0066 E8EE077A 		vfma.f32	s15, s16, s14
  67:src/Ramo.cpp  ****         }else{
 270              		.loc 1 67 20 view .LVU73
 271 006a C7ED007A 		vstr.32	s15, [r7]
 272 006e 10E0     		b	.L14
 273              	.L11:
  73:src/Ramo.cpp  ****             out[i] = _phase[i] < _pw ? (1.0f) : -1.0f;
 274              		.loc 1 73 9 is_stmt 1 view .LVU74
  74:src/Ramo.cpp  ****             break;
 275              		.loc 1 74 13 view .LVU75
  74:src/Ramo.cpp  ****             break;
 276              		.loc 1 74 30 is_stmt 0 view .LVU76
 277 0070 94ED008A 		vldr.32	s16, [r4]
  74:src/Ramo.cpp  ****             break;
 278              		.loc 1 74 38 view .LVU77
 279 0074 F7EE007A 		vmov.f32	s15, #1.0e+0
 280 0078 D6ED046A 		vldr.32	s13, [r6, #16]
 281 007c BFEE007A 		vmov.f32	s14, #-1.0e+0
 282 0080 B4EEE68A 		vcmpe.f32	s16, s13
 283 0084 F1EE10FA 		vmrs	APSR_nzcv, FPSCR
 284 0088 58BF     		it	pl
 285 008a F0EE477A 		vmovpl.f32	s15, s14
  74:src/Ramo.cpp  ****             break;
 286              		.loc 1 74 20 view .LVU78
 287 008e C7ED007A 		vstr.32	s15, [r7]
  75:src/Ramo.cpp  ****         default:
 288              		.loc 1 75 13 is_stmt 1 view .LVU79
 289              	.L14:
  80:src/Ramo.cpp  **** 
 290              		.loc 1 80 9 view .LVU80
  80:src/Ramo.cpp  **** 
 291              		.loc 1 80 34 is_stmt 0 view .LVU81
 292 0092 94ED027A 		vldr.32	s14, [r4, #8]
  82:src/Ramo.cpp  ****         {
 293              		.loc 1 82 9 view .LVU82
 294 0096 F7EE006A 		vmov.f32	s13, #1.0e+0
  80:src/Ramo.cpp  **** 
 295              		.loc 1 80 19 view .LVU83
 296 009a 77EE087A 		vadd.f32	s15, s14, s16
  82:src/Ramo.cpp  ****         {
ARM GAS  C:\Users\skipi\AppData\Local\Temp\ccbf8u4J.s 			page 9


 297              		.loc 1 82 9 view .LVU84
 298 009e F4EEE67A 		vcmpe.f32	s15, s13
  80:src/Ramo.cpp  **** 
 299              		.loc 1 80 19 view .LVU85
 300 00a2 C4ED007A 		vstr.32	s15, [r4]
  82:src/Ramo.cpp  ****         {
 301              		.loc 1 82 9 is_stmt 1 view .LVU86
 302 00a6 F1EE10FA 		vmrs	APSR_nzcv, FPSCR
 303 00aa 69DD     		ble	.L40
  84:src/Ramo.cpp  ****             _eoc[i] = true;
 304              		.loc 1 84 13 view .LVU87
  84:src/Ramo.cpp  ****             _eoc[i] = true;
 305              		.loc 1 84 23 is_stmt 0 view .LVU88
 306 00ac 77EEE67A 		vsub.f32	s15, s15, s13
  85:src/Ramo.cpp  ****         }
 307              		.loc 1 85 21 view .LVU89
 308 00b0 0123     		movs	r3, #1
  84:src/Ramo.cpp  ****             _eoc[i] = true;
 309              		.loc 1 84 23 view .LVU90
 310 00b2 C4ED007A 		vstr.32	s15, [r4]
  85:src/Ramo.cpp  ****         }
 311              		.loc 1 85 13 is_stmt 1 view .LVU91
  85:src/Ramo.cpp  ****         }
 312              		.loc 1 85 21 is_stmt 0 view .LVU92
 313 00b6 85F83630 		strb	r3, [r5, #54]
 314              	.L26:
  91:src/Ramo.cpp  ****     }
 315              		.loc 1 91 9 is_stmt 1 view .LVU93
  91:src/Ramo.cpp  ****     }
 316              		.loc 1 91 30 is_stmt 0 view .LVU94
 317 00ba 37EEC77A 		vsub.f32	s14, s15, s14
  91:src/Ramo.cpp  ****     }
 318              		.loc 1 91 53 view .LVU95
 319 00be F6EE006A 		vmov.f32	s13, #5.0e-1
 320 00c2 B4EEE67A 		vcmpe.f32	s14, s13
 321 00c6 F1EE10FA 		vmrs	APSR_nzcv, FPSCR
 322 00ca 57D5     		bpl	.L41
  91:src/Ramo.cpp  ****     }
 323              		.loc 1 91 53 discriminator 1 view .LVU96
 324 00cc F4EEE67A 		vcmpe.f32	s15, s13
 325 00d0 F1EE10FA 		vmrs	APSR_nzcv, FPSCR
 326 00d4 ACBF     		ite	ge
 327 00d6 0123     		movge	r3, #1
 328 00d8 0023     		movlt	r3, #0
 329              	.L27:
  40:src/Ramo.cpp  ****     {
 330              		.loc 1 40 23 discriminator 6 view .LVU97
 331 00da 4645     		cmp	r6, r8
 332 00dc 04F10404 		add	r4, r4, #4
 333 00e0 07F10407 		add	r7, r7, #4
  91:src/Ramo.cpp  ****     }
 334              		.loc 1 91 17 discriminator 6 view .LVU98
 335 00e4 85F83430 		strb	r3, [r5, #52]
  40:src/Ramo.cpp  ****     {
 336              		.loc 1 40 5 is_stmt 1 discriminator 6 view .LVU99
 337              	.LVL8:
  40:src/Ramo.cpp  ****     {
ARM GAS  C:\Users\skipi\AppData\Local\Temp\ccbf8u4J.s 			page 10


 338              		.loc 1 40 23 discriminator 6 view .LVU100
 339 00e8 94D1     		bne	.L29
 340              	.LBE30:
  94:src/Ramo.cpp  **** }
 341              		.loc 1 94 5 view .LVU101
  94:src/Ramo.cpp  **** }
 342              		.loc 1 94 38 is_stmt 0 view .LVU102
 343 00ea 9DED010A 		vldr.32	s0, [sp, #4]
 344 00ee D6ED026A 		vldr.32	s13, [r6, #8]
  94:src/Ramo.cpp  **** }
 345              		.loc 1 94 46 view .LVU103
 346 00f2 9DED007A 		vldr.32	s14, [sp]
  94:src/Ramo.cpp  **** }
 347              		.loc 1 94 38 view .LVU104
 348 00f6 20EE260A 		vmul.f32	s0, s0, s13
  94:src/Ramo.cpp  **** }
 349              		.loc 1 94 46 view .LVU105
 350 00fa D6ED017A 		vldr.32	s15, [r6, #4]
  95:src/Ramo.cpp  **** 
 351              		.loc 1 95 1 view .LVU106
 352 00fe A7EE270A 		vfma.f32	s0, s14, s15
 353 0102 02B0     		add	sp, sp, #8
 354              		.cfi_remember_state
 355              		.cfi_def_cfa_offset 32
 356              		@ sp needed
 357 0104 BDEC028B 		vldm	sp!, {d8}
 358              		.cfi_restore 80
 359              		.cfi_restore 81
 360              		.cfi_def_cfa_offset 24
 361 0108 BDE8F081 		pop	{r4, r5, r6, r7, r8, pc}
 362              	.LVL9:
 363              	.L12:
 364              		.cfi_restore_state
 365              	.LBB31:
  47:src/Ramo.cpp  ****             t[i] = abs(-1.0f + (2.0f * _phase[i]));
 366              		.loc 1 47 9 is_stmt 1 view .LVU107
  48:src/Ramo.cpp  ****             t[i] = 2 *  (t[i] - 0.5f); 
 367              		.loc 1 48 13 view .LVU108
  48:src/Ramo.cpp  ****             t[i] = 2 *  (t[i] - 0.5f); 
 368              		.loc 1 48 23 is_stmt 0 view .LVU109
 369 010c F0EE006A 		vmov.f32	s13, #2.0e+0
  48:src/Ramo.cpp  ****             t[i] = 2 *  (t[i] - 0.5f); 
 370              		.loc 1 48 48 view .LVU110
 371 0110 94ED008A 		vldr.32	s16, [r4]
  48:src/Ramo.cpp  ****             t[i] = 2 *  (t[i] - 0.5f); 
 372              		.loc 1 48 23 view .LVU111
 373 0114 FFEE007A 		vmov.f32	s15, #-1.0e+0
  50:src/Ramo.cpp  ****             {
 374              		.loc 1 50 24 view .LVU112
 375 0118 96ED057A 		vldr.32	s14, [r6, #20]
  49:src/Ramo.cpp  ****             if (t[i] > _tresh)
 376              		.loc 1 49 31 view .LVU113
 377 011c B6EE006A 		vmov.f32	s12, #5.0e-1
  48:src/Ramo.cpp  ****             t[i] = 2 *  (t[i] - 0.5f); 
 378              		.loc 1 48 23 view .LVU114
 379 0120 E8EE267A 		vfma.f32	s15, s16, s13
 380              	.LVL10:
ARM GAS  C:\Users\skipi\AppData\Local\Temp\ccbf8u4J.s 			page 11


 381              	.LBB26:
 382              	.LBI26:
 383              		.file 2 "c:\\program files\\daisytoolchain\\arm-none-eabi\\include\\c++\\10.2.1\\bits\\std_abs.h"
   1:c:\program files\daisytoolchain\arm-none-eabi\include\c++\10.2.1\bits\std_abs.h **** // -*- C++ -*- C library enhancements header.
   2:c:\program files\daisytoolchain\arm-none-eabi\include\c++\10.2.1\bits\std_abs.h **** 
   3:c:\program files\daisytoolchain\arm-none-eabi\include\c++\10.2.1\bits\std_abs.h **** // Copyright (C) 2016-2020 Free Software Foundation, Inc.
   4:c:\program files\daisytoolchain\arm-none-eabi\include\c++\10.2.1\bits\std_abs.h **** //
   5:c:\program files\daisytoolchain\arm-none-eabi\include\c++\10.2.1\bits\std_abs.h **** // This file is part of the GNU ISO C++ Library.  This library is free
   6:c:\program files\daisytoolchain\arm-none-eabi\include\c++\10.2.1\bits\std_abs.h **** // software; you can redistribute it and/or modify it under the
   7:c:\program files\daisytoolchain\arm-none-eabi\include\c++\10.2.1\bits\std_abs.h **** // terms of the GNU General Public License as published by the
   8:c:\program files\daisytoolchain\arm-none-eabi\include\c++\10.2.1\bits\std_abs.h **** // Free Software Foundation; either version 3, or (at your option)
   9:c:\program files\daisytoolchain\arm-none-eabi\include\c++\10.2.1\bits\std_abs.h **** // any later version.
  10:c:\program files\daisytoolchain\arm-none-eabi\include\c++\10.2.1\bits\std_abs.h **** 
  11:c:\program files\daisytoolchain\arm-none-eabi\include\c++\10.2.1\bits\std_abs.h **** // This library is distributed in the hope that it will be useful,
  12:c:\program files\daisytoolchain\arm-none-eabi\include\c++\10.2.1\bits\std_abs.h **** // but WITHOUT ANY WARRANTY; without even the implied warranty of
  13:c:\program files\daisytoolchain\arm-none-eabi\include\c++\10.2.1\bits\std_abs.h **** // MERCHANTABILITY or FITNESS FOR A PARTICULAR PURPOSE.  See the
  14:c:\program files\daisytoolchain\arm-none-eabi\include\c++\10.2.1\bits\std_abs.h **** // GNU General Public License for more details.
  15:c:\program files\daisytoolchain\arm-none-eabi\include\c++\10.2.1\bits\std_abs.h **** 
  16:c:\program files\daisytoolchain\arm-none-eabi\include\c++\10.2.1\bits\std_abs.h **** // Under Section 7 of GPL version 3, you are granted additional
  17:c:\program files\daisytoolchain\arm-none-eabi\include\c++\10.2.1\bits\std_abs.h **** // permissions described in the GCC Runtime Library Exception, version
  18:c:\program files\daisytoolchain\arm-none-eabi\include\c++\10.2.1\bits\std_abs.h **** // 3.1, as published by the Free Software Foundation.
  19:c:\program files\daisytoolchain\arm-none-eabi\include\c++\10.2.1\bits\std_abs.h **** 
  20:c:\program files\daisytoolchain\arm-none-eabi\include\c++\10.2.1\bits\std_abs.h **** // You should have received a copy of the GNU General Public License and
  21:c:\program files\daisytoolchain\arm-none-eabi\include\c++\10.2.1\bits\std_abs.h **** // a copy of the GCC Runtime Library Exception along with this program;
  22:c:\program files\daisytoolchain\arm-none-eabi\include\c++\10.2.1\bits\std_abs.h **** // see the files COPYING3 and COPYING.RUNTIME respectively.  If not, see
  23:c:\program files\daisytoolchain\arm-none-eabi\include\c++\10.2.1\bits\std_abs.h **** // <http://www.gnu.org/licenses/>.
  24:c:\program files\daisytoolchain\arm-none-eabi\include\c++\10.2.1\bits\std_abs.h **** 
  25:c:\program files\daisytoolchain\arm-none-eabi\include\c++\10.2.1\bits\std_abs.h **** /** @file include/bits/std_abs.h
  26:c:\program files\daisytoolchain\arm-none-eabi\include\c++\10.2.1\bits\std_abs.h ****  *  This is an internal header file, included by other library headers.
  27:c:\program files\daisytoolchain\arm-none-eabi\include\c++\10.2.1\bits\std_abs.h ****  *  Do not attempt to use it directly. @headername{cmath, cstdlib}
  28:c:\program files\daisytoolchain\arm-none-eabi\include\c++\10.2.1\bits\std_abs.h ****  */
  29:c:\program files\daisytoolchain\arm-none-eabi\include\c++\10.2.1\bits\std_abs.h **** 
  30:c:\program files\daisytoolchain\arm-none-eabi\include\c++\10.2.1\bits\std_abs.h **** #ifndef _GLIBCXX_BITS_STD_ABS_H
  31:c:\program files\daisytoolchain\arm-none-eabi\include\c++\10.2.1\bits\std_abs.h **** #define _GLIBCXX_BITS_STD_ABS_H
  32:c:\program files\daisytoolchain\arm-none-eabi\include\c++\10.2.1\bits\std_abs.h **** 
  33:c:\program files\daisytoolchain\arm-none-eabi\include\c++\10.2.1\bits\std_abs.h **** #pragma GCC system_header
  34:c:\program files\daisytoolchain\arm-none-eabi\include\c++\10.2.1\bits\std_abs.h **** 
  35:c:\program files\daisytoolchain\arm-none-eabi\include\c++\10.2.1\bits\std_abs.h **** #include <bits/c++config.h>
  36:c:\program files\daisytoolchain\arm-none-eabi\include\c++\10.2.1\bits\std_abs.h **** 
  37:c:\program files\daisytoolchain\arm-none-eabi\include\c++\10.2.1\bits\std_abs.h **** #define _GLIBCXX_INCLUDE_NEXT_C_HEADERS
  38:c:\program files\daisytoolchain\arm-none-eabi\include\c++\10.2.1\bits\std_abs.h **** #include_next <stdlib.h>
  39:c:\program files\daisytoolchain\arm-none-eabi\include\c++\10.2.1\bits\std_abs.h **** #ifdef __CORRECT_ISO_CPP_MATH_H_PROTO
  40:c:\program files\daisytoolchain\arm-none-eabi\include\c++\10.2.1\bits\std_abs.h **** # include_next <math.h>
  41:c:\program files\daisytoolchain\arm-none-eabi\include\c++\10.2.1\bits\std_abs.h **** #endif
  42:c:\program files\daisytoolchain\arm-none-eabi\include\c++\10.2.1\bits\std_abs.h **** #undef _GLIBCXX_INCLUDE_NEXT_C_HEADERS
  43:c:\program files\daisytoolchain\arm-none-eabi\include\c++\10.2.1\bits\std_abs.h **** 
  44:c:\program files\daisytoolchain\arm-none-eabi\include\c++\10.2.1\bits\std_abs.h **** #undef abs
  45:c:\program files\daisytoolchain\arm-none-eabi\include\c++\10.2.1\bits\std_abs.h **** 
  46:c:\program files\daisytoolchain\arm-none-eabi\include\c++\10.2.1\bits\std_abs.h **** extern "C++"
  47:c:\program files\daisytoolchain\arm-none-eabi\include\c++\10.2.1\bits\std_abs.h **** {
  48:c:\program files\daisytoolchain\arm-none-eabi\include\c++\10.2.1\bits\std_abs.h **** namespace std _GLIBCXX_VISIBILITY(default)
  49:c:\program files\daisytoolchain\arm-none-eabi\include\c++\10.2.1\bits\std_abs.h **** {
  50:c:\program files\daisytoolchain\arm-none-eabi\include\c++\10.2.1\bits\std_abs.h **** _GLIBCXX_BEGIN_NAMESPACE_VERSION
  51:c:\program files\daisytoolchain\arm-none-eabi\include\c++\10.2.1\bits\std_abs.h **** 
  52:c:\program files\daisytoolchain\arm-none-eabi\include\c++\10.2.1\bits\std_abs.h ****   using ::abs;
  53:c:\program files\daisytoolchain\arm-none-eabi\include\c++\10.2.1\bits\std_abs.h **** 
  54:c:\program files\daisytoolchain\arm-none-eabi\include\c++\10.2.1\bits\std_abs.h **** #ifndef __CORRECT_ISO_CPP_STDLIB_H_PROTO
ARM GAS  C:\Users\skipi\AppData\Local\Temp\ccbf8u4J.s 			page 12


  55:c:\program files\daisytoolchain\arm-none-eabi\include\c++\10.2.1\bits\std_abs.h ****   inline long
  56:c:\program files\daisytoolchain\arm-none-eabi\include\c++\10.2.1\bits\std_abs.h ****   abs(long __i) { return __builtin_labs(__i); }
  57:c:\program files\daisytoolchain\arm-none-eabi\include\c++\10.2.1\bits\std_abs.h **** #endif
  58:c:\program files\daisytoolchain\arm-none-eabi\include\c++\10.2.1\bits\std_abs.h **** 
  59:c:\program files\daisytoolchain\arm-none-eabi\include\c++\10.2.1\bits\std_abs.h **** #ifdef _GLIBCXX_USE_LONG_LONG
  60:c:\program files\daisytoolchain\arm-none-eabi\include\c++\10.2.1\bits\std_abs.h ****   inline long long
  61:c:\program files\daisytoolchain\arm-none-eabi\include\c++\10.2.1\bits\std_abs.h ****   abs(long long __x) { return __builtin_llabs (__x); }
  62:c:\program files\daisytoolchain\arm-none-eabi\include\c++\10.2.1\bits\std_abs.h **** #endif
  63:c:\program files\daisytoolchain\arm-none-eabi\include\c++\10.2.1\bits\std_abs.h **** 
  64:c:\program files\daisytoolchain\arm-none-eabi\include\c++\10.2.1\bits\std_abs.h **** // _GLIBCXX_RESOLVE_LIB_DEFECTS
  65:c:\program files\daisytoolchain\arm-none-eabi\include\c++\10.2.1\bits\std_abs.h **** // 2192. Validity and return type of std::abs(0u) is unclear
  66:c:\program files\daisytoolchain\arm-none-eabi\include\c++\10.2.1\bits\std_abs.h **** // 2294. <cstdlib> should declare abs(double)
  67:c:\program files\daisytoolchain\arm-none-eabi\include\c++\10.2.1\bits\std_abs.h **** // 2735. std::abs(short), std::abs(signed char) and others should return int
  68:c:\program files\daisytoolchain\arm-none-eabi\include\c++\10.2.1\bits\std_abs.h **** 
  69:c:\program files\daisytoolchain\arm-none-eabi\include\c++\10.2.1\bits\std_abs.h **** #ifndef __CORRECT_ISO_CPP_MATH_H_PROTO
  70:c:\program files\daisytoolchain\arm-none-eabi\include\c++\10.2.1\bits\std_abs.h ****   inline _GLIBCXX_CONSTEXPR double
  71:c:\program files\daisytoolchain\arm-none-eabi\include\c++\10.2.1\bits\std_abs.h ****   abs(double __x)
  72:c:\program files\daisytoolchain\arm-none-eabi\include\c++\10.2.1\bits\std_abs.h ****   { return __builtin_fabs(__x); }
  73:c:\program files\daisytoolchain\arm-none-eabi\include\c++\10.2.1\bits\std_abs.h **** 
  74:c:\program files\daisytoolchain\arm-none-eabi\include\c++\10.2.1\bits\std_abs.h ****   inline _GLIBCXX_CONSTEXPR float
  75:c:\program files\daisytoolchain\arm-none-eabi\include\c++\10.2.1\bits\std_abs.h ****   abs(float __x)
 384              		.loc 2 75 3 is_stmt 1 view .LVU115
 385              	.LBB27:
  76:c:\program files\daisytoolchain\arm-none-eabi\include\c++\10.2.1\bits\std_abs.h ****   { return __builtin_fabsf(__x); }
 386              		.loc 2 76 5 view .LVU116
 387              		.loc 2 76 5 is_stmt 0 view .LVU117
 388              	.LBE27:
 389              	.LBE26:
  49:src/Ramo.cpp  ****             if (t[i] > _tresh)
 390              		.loc 1 49 13 is_stmt 1 view .LVU118
 391              	.LBB29:
 392              	.LBB28:
 393              		.loc 2 76 31 is_stmt 0 view .LVU119
 394 0124 F0EEE77A 		vabs.f32	s15, s15
 395              	.LBE28:
 396              	.LBE29:
  49:src/Ramo.cpp  ****             if (t[i] > _tresh)
 397              		.loc 1 49 31 view .LVU120
 398 0128 77EEC67A 		vsub.f32	s15, s15, s12
  49:src/Ramo.cpp  ****             if (t[i] > _tresh)
 399              		.loc 1 49 22 view .LVU121
 400 012c 77EEA77A 		vadd.f32	s15, s15, s15
  50:src/Ramo.cpp  ****             {
 401              		.loc 1 50 13 is_stmt 1 view .LVU122
 402 0130 F4EEC77A 		vcmpe.f32	s15, s14
 403 0134 F1EE10FA 		vmrs	APSR_nzcv, FPSCR
 404 0138 26DD     		ble	.L38
  52:src/Ramo.cpp  ****             }
 405              		.loc 1 52 17 view .LVU123
  52:src/Ramo.cpp  ****             }
 406              		.loc 1 52 34 is_stmt 0 view .LVU124
 407 013a D7EE267A 		vfnms.f32	s15, s14, s13
  52:src/Ramo.cpp  ****             }
 408              		.loc 1 52 51 view .LVU125
 409 013e C7EE876A 		vdiv.f32	s13, s15, s14
  52:src/Ramo.cpp  ****             }
 410              		.loc 1 52 24 view .LVU126
ARM GAS  C:\Users\skipi\AppData\Local\Temp\ccbf8u4J.s 			page 13


 411 0142 C7ED006A 		vstr.32	s13, [r7]
 412 0146 A4E7     		b	.L14
 413              	.L13:
  44:src/Ramo.cpp  ****             out[i] = sinf(_phase[i] * TWOPI_F);
 414              		.loc 1 44 9 is_stmt 1 view .LVU127
  45:src/Ramo.cpp  ****             break;
 415              		.loc 1 45 13 view .LVU128
  45:src/Ramo.cpp  ****             break;
 416              		.loc 1 45 35 is_stmt 0 view .LVU129
 417 0148 94ED008A 		vldr.32	s16, [r4]
  45:src/Ramo.cpp  ****             break;
 418              		.loc 1 45 26 view .LVU130
 419 014c 9FED1C0A 		vldr.32	s0, .L43+16
 420 0150 28EE000A 		vmul.f32	s0, s16, s0
 421 0154 FFF7FEFF 		bl	sinf
 422              	.LVL11:
  45:src/Ramo.cpp  ****             break;
 423              		.loc 1 45 20 view .LVU131
 424 0158 87ED000A 		vstr.32	s0, [r7]
  46:src/Ramo.cpp  ****         case WAVE_TRI:
 425              		.loc 1 46 13 is_stmt 1 view .LVU132
 426 015c 99E7     		b	.L14
 427              	.L19:
  65:src/Ramo.cpp  ****         {
 428              		.loc 1 65 56 is_stmt 0 discriminator 3 view .LVU133
 429 015e F5EE406A 		vcmp.f32	s13, #0
 430 0162 F1EE10FA 		vmrs	APSR_nzcv, FPSCR
 431 0166 3FF47AAF 		beq	.L21
  69:src/Ramo.cpp  ****         }
 432              		.loc 1 69 13 is_stmt 1 view .LVU134
  69:src/Ramo.cpp  ****         }
 433              		.loc 1 69 26 is_stmt 0 view .LVU135
 434 016a B0EE007A 		vmov.f32	s14, #2.0e+0
 435 016e F7EE007A 		vmov.f32	s15, #1.0e+0
 436 0172 E8EE477A 		vfms.f32	s15, s16, s14
  69:src/Ramo.cpp  ****         }
 437              		.loc 1 69 20 view .LVU136
 438 0176 C7ED007A 		vstr.32	s15, [r7]
 439 017a 8AE7     		b	.L14
 440              	.L41:
  91:src/Ramo.cpp  ****     }
 441              		.loc 1 91 53 view .LVU137
 442 017c 0023     		movs	r3, #0
 443 017e ACE7     		b	.L27
 444              	.L40:
  89:src/Ramo.cpp  ****         }
 445              		.loc 1 89 13 is_stmt 1 view .LVU138
  89:src/Ramo.cpp  ****         }
 446              		.loc 1 89 21 is_stmt 0 view .LVU139
 447 0180 0023     		movs	r3, #0
 448 0182 85F83630 		strb	r3, [r5, #54]
 449 0186 98E7     		b	.L26
 450              	.L38:
  54:src/Ramo.cpp  ****             {
 451              		.loc 1 54 18 is_stmt 1 view .LVU140
  56:src/Ramo.cpp  ****             }
 452              		.loc 1 56 17 view .LVU141
ARM GAS  C:\Users\skipi\AppData\Local\Temp\ccbf8u4J.s 			page 14


  54:src/Ramo.cpp  ****             {
 453              		.loc 1 54 29 is_stmt 0 view .LVU142
 454 0188 B1EE476A 		vneg.f32	s12, s14
  54:src/Ramo.cpp  ****             {
 455              		.loc 1 54 18 view .LVU143
 456 018c F4EEC67A 		vcmpe.f32	s15, s12
 457 0190 F1EE10FA 		vmrs	APSR_nzcv, FPSCR
  56:src/Ramo.cpp  ****             }
 458              		.loc 1 56 34 view .LVU144
 459 0194 48BF     		it	mi
 460 0196 D6EE267A 		vfnmsmi.f32	s15, s12, s13
  60:src/Ramo.cpp  ****             }
 461              		.loc 1 60 17 is_stmt 1 view .LVU145
  60:src/Ramo.cpp  ****             }
 462              		.loc 1 60 35 is_stmt 0 view .LVU146
 463 019a C7EE876A 		vdiv.f32	s13, s15, s14
  60:src/Ramo.cpp  ****             }
 464              		.loc 1 60 24 view .LVU147
 465 019e C7ED006A 		vstr.32	s13, [r7]
 466 01a2 76E7     		b	.L14
 467              	.L8:
  76:src/Ramo.cpp  ****             out[i] = 0.0f;
 468              		.loc 1 76 9 is_stmt 1 view .LVU148
  77:src/Ramo.cpp  ****             break;
 469              		.loc 1 77 13 view .LVU149
  77:src/Ramo.cpp  ****             break;
 470              		.loc 1 77 20 is_stmt 0 view .LVU150
 471 01a4 0023     		movs	r3, #0
  45:src/Ramo.cpp  ****             break;
 472              		.loc 1 45 35 view .LVU151
 473 01a6 94ED008A 		vldr.32	s16, [r4]
  77:src/Ramo.cpp  ****             break;
 474              		.loc 1 77 20 view .LVU152
 475 01aa 3B60     		str	r3, [r7]	@ float
  78:src/Ramo.cpp  ****         }
 476              		.loc 1 78 13 is_stmt 1 view .LVU153
 477 01ac 71E7     		b	.L14
 478              	.L44:
 479 01ae 00BF     		.align	3
 480              	.L43:
 481 01b0 9A999999 		.word	-1717986918
 482 01b4 9999A93F 		.word	1068079513
 483 01b8 66666666 		.word	1717986918
 484 01bc 6666EE3F 		.word	1072588390
 485 01c0 DB0FC940 		.word	1086918619
 486              	.LBE31:
 487              		.cfi_endproc
 488              	.LFE4821:
 490              		.section	.text._ZN4Ramo12CalcPhaseIncEf,"ax",%progbits
 491              		.align	1
 492              		.p2align 2,,3
 493              		.global	_ZN4Ramo12CalcPhaseIncEf
 494              		.syntax unified
 495              		.thumb
 496              		.thumb_func
 497              		.fpu fpv5-d16
 499              	_ZN4Ramo12CalcPhaseIncEf:
ARM GAS  C:\Users\skipi\AppData\Local\Temp\ccbf8u4J.s 			page 15


 500              	.LVL12:
 501              	.LFB4822:
  98:src/Ramo.cpp  ****     return f * _sr_recip;
 502              		.loc 1 98 1 view -0
 503              		.cfi_startproc
 504              		@ args = 0, pretend = 0, frame = 0
 505              		@ frame_needed = 0, uses_anonymous_args = 0
 506              		@ link register save eliminated.
 507              		.loc 1 99 5 view .LVU155
 508              		.loc 1 99 16 is_stmt 0 view .LVU156
 509 0000 D0ED087A 		vldr.32	s15, [r0, #32]
 100:src/Ramo.cpp  **** }
 510              		.loc 1 100 1 view .LVU157
 511 0004 20EE270A 		vmul.f32	s0, s0, s15
 512              	.LVL13:
 513              		.loc 1 100 1 view .LVU158
 514 0008 7047     		bx	lr
 515              		.cfi_endproc
 516              	.LFE4822:
 518 000a 00BF     		.section	.text._ZN4Ramo12SetWaveformsEPh,"ax",%progbits
 519              		.align	1
 520              		.p2align 2,,3
 521              		.global	_ZN4Ramo12SetWaveformsEPh
 522              		.syntax unified
 523              		.thumb
 524              		.thumb_func
 525              		.fpu fpv5-d16
 527              	_ZN4Ramo12SetWaveformsEPh:
 528              	.LVL14:
 529              	.LFB4823:
 101:src/Ramo.cpp  **** 
 102:src/Ramo.cpp  **** void Ramo::SetWaveforms(uint8_t wf[])
 103:src/Ramo.cpp  **** {   
 530              		.loc 1 103 1 is_stmt 1 view -0
 531              		.cfi_startproc
 532              		@ args = 0, pretend = 0, frame = 0
 533              		@ frame_needed = 0, uses_anonymous_args = 0
 534              		@ link register save eliminated.
 104:src/Ramo.cpp  ****     for(int i = 0; i < n; i++)
 535              		.loc 1 104 5 view .LVU160
 536              	.LBB32:
 537              		.loc 1 104 22 view .LVU161
 105:src/Ramo.cpp  ****     {
 106:src/Ramo.cpp  ****         _waveform[i] = wf[i] < WAVE_LAST ? wf[i] : WAVE_SIN;
 538              		.loc 1 106 9 view .LVU162
 539              		.loc 1 106 28 is_stmt 0 view .LVU163
 540 0000 0B78     		ldrb	r3, [r1]	@ zero_extendqisi2
 541              		.loc 1 106 22 view .LVU164
 542 0002 042B     		cmp	r3, #4
 543 0004 28BF     		it	cs
 544 0006 0023     		movcs	r3, #0
 545 0008 0370     		strb	r3, [r0]
 104:src/Ramo.cpp  ****     for(int i = 0; i < n; i++)
 546              		.loc 1 104 5 is_stmt 1 view .LVU165
 547              	.LVL15:
 104:src/Ramo.cpp  ****     for(int i = 0; i < n; i++)
 548              		.loc 1 104 22 view .LVU166
ARM GAS  C:\Users\skipi\AppData\Local\Temp\ccbf8u4J.s 			page 16


 549              		.loc 1 106 9 view .LVU167
 550              		.loc 1 106 28 is_stmt 0 view .LVU168
 551 000a 4B78     		ldrb	r3, [r1, #1]	@ zero_extendqisi2
 552              		.loc 1 106 22 view .LVU169
 553 000c 042B     		cmp	r3, #4
 554 000e 28BF     		it	cs
 555 0010 0023     		movcs	r3, #0
 556 0012 4370     		strb	r3, [r0, #1]
 104:src/Ramo.cpp  ****     for(int i = 0; i < n; i++)
 557              		.loc 1 104 5 is_stmt 1 view .LVU170
 558              	.LVL16:
 104:src/Ramo.cpp  ****     for(int i = 0; i < n; i++)
 559              		.loc 1 104 22 view .LVU171
 560              	.LBE32:
 107:src/Ramo.cpp  ****     }
 108:src/Ramo.cpp  ****     
 109:src/Ramo.cpp  **** }
 561              		.loc 1 109 1 is_stmt 0 view .LVU172
 562 0014 7047     		bx	lr
 563              		.cfi_endproc
 564              	.LFE4823:
 566 0016 00BF     		.section	.text._ZN4Ramo7SetFreqEf,"ax",%progbits
 567              		.align	1
 568              		.p2align 2,,3
 569              		.global	_ZN4Ramo7SetFreqEf
 570              		.syntax unified
 571              		.thumb
 572              		.thumb_func
 573              		.fpu fpv5-d16
 575              	_ZN4Ramo7SetFreqEf:
 576              	.LVL17:
 577              	.LFB4824:
 110:src/Ramo.cpp  **** 
 111:src/Ramo.cpp  **** void Ramo::SetFreq( const float f)
 112:src/Ramo.cpp  **** {
 578              		.loc 1 112 1 is_stmt 1 view -0
 579              		.cfi_startproc
 580              		@ args = 0, pretend = 0, frame = 0
 581              		@ frame_needed = 0, uses_anonymous_args = 0
 582              		@ link register save eliminated.
 113:src/Ramo.cpp  ****     _freq = f;
 583              		.loc 1 113 5 view .LVU174
 584              	.LBB33:
 585              	.LBB34:
 586              	.LBB35:
  99:src/Ramo.cpp  **** }
 587              		.loc 1 99 16 is_stmt 0 view .LVU175
 588 0000 D0ED087A 		vldr.32	s15, [r0, #32]
 589              	.LBE35:
 590              	.LBE34:
 591              	.LBE33:
 592              		.loc 1 113 11 view .LVU176
 593 0004 80ED030A 		vstr.32	s0, [r0, #12]
 114:src/Ramo.cpp  ****     for (int i = 0; i < n; i++)
 594              		.loc 1 114 5 is_stmt 1 view .LVU177
 595              	.LVL18:
 596              	.LBB40:
ARM GAS  C:\Users\skipi\AppData\Local\Temp\ccbf8u4J.s 			page 17


 597              		.loc 1 114 23 view .LVU178
 115:src/Ramo.cpp  ****     {
 116:src/Ramo.cpp  ****         _phase_inc[i] = CalcPhaseInc(f);
 598              		.loc 1 116 9 view .LVU179
 599              	.LBB38:
 600              	.LBI34:
  97:src/Ramo.cpp  **** {
 601              		.loc 1 97 7 view .LVU180
 602              	.LBB36:
  99:src/Ramo.cpp  **** }
 603              		.loc 1 99 5 view .LVU181
  99:src/Ramo.cpp  **** }
 604              		.loc 1 99 16 is_stmt 0 view .LVU182
 605 0008 20EE270A 		vmul.f32	s0, s0, s15
 606              	.LVL19:
  99:src/Ramo.cpp  **** }
 607              		.loc 1 99 16 view .LVU183
 608              	.LBE36:
 609              	.LBE38:
 610              		.loc 1 116 23 view .LVU184
 611 000c 80ED0B0A 		vstr.32	s0, [r0, #44]
 114:src/Ramo.cpp  ****     {
 612              		.loc 1 114 5 is_stmt 1 view .LVU185
 613              	.LVL20:
 114:src/Ramo.cpp  ****     {
 614              		.loc 1 114 23 view .LVU186
 615              		.loc 1 116 9 view .LVU187
 616              	.LBB39:
  97:src/Ramo.cpp  **** {
 617              		.loc 1 97 7 view .LVU188
 618              	.LBB37:
  99:src/Ramo.cpp  **** }
 619              		.loc 1 99 5 view .LVU189
  99:src/Ramo.cpp  **** }
 620              		.loc 1 99 5 is_stmt 0 view .LVU190
 621              	.LBE37:
 622              	.LBE39:
 623              		.loc 1 116 23 view .LVU191
 624 0010 80ED0C0A 		vstr.32	s0, [r0, #48]
 114:src/Ramo.cpp  ****     {
 625              		.loc 1 114 5 is_stmt 1 view .LVU192
 626              	.LVL21:
 114:src/Ramo.cpp  ****     {
 627              		.loc 1 114 23 view .LVU193
 628              	.LBE40:
 117:src/Ramo.cpp  ****     }
 118:src/Ramo.cpp  **** }
 629              		.loc 1 118 1 is_stmt 0 view .LVU194
 630 0014 7047     		bx	lr
 631              		.cfi_endproc
 632              	.LFE4824:
 634 0016 00BF     		.section	.text._ZN4Ramo9SetDetuneEPf,"ax",%progbits
 635              		.align	1
 636              		.p2align 2,,3
 637              		.global	_ZN4Ramo9SetDetuneEPf
 638              		.syntax unified
 639              		.thumb
ARM GAS  C:\Users\skipi\AppData\Local\Temp\ccbf8u4J.s 			page 18


 640              		.thumb_func
 641              		.fpu fpv5-d16
 643              	_ZN4Ramo9SetDetuneEPf:
 644              	.LVL22:
 645              	.LFB4825:
 119:src/Ramo.cpp  **** 
 120:src/Ramo.cpp  **** void Ramo::SetDetune(float ef[])
 121:src/Ramo.cpp  **** {
 646              		.loc 1 121 1 is_stmt 1 view -0
 647              		.cfi_startproc
 648              		@ args = 0, pretend = 0, frame = 0
 649              		@ frame_needed = 0, uses_anonymous_args = 0
 650              		@ link register save eliminated.
 122:src/Ramo.cpp  ****     for (int i = 0; i < n; i++)
 651              		.loc 1 122 5 view .LVU196
 652              	.LBB41:
 653              		.loc 1 122 23 view .LVU197
 123:src/Ramo.cpp  ****     {
 124:src/Ramo.cpp  ****         _phase_inc[i] = CalcPhaseInc(_freq) * ef[i];
 654              		.loc 1 124 9 view .LVU198
 655              	.LBB42:
 656              	.LBI42:
  97:src/Ramo.cpp  **** {
 657              		.loc 1 97 7 view .LVU199
 658              	.LBB43:
  99:src/Ramo.cpp  **** }
 659              		.loc 1 99 5 view .LVU200
  99:src/Ramo.cpp  **** }
 660              		.loc 1 99 16 is_stmt 0 view .LVU201
 661 0000 D0ED037A 		vldr.32	s15, [r0, #12]
 662 0004 D0ED086A 		vldr.32	s13, [r0, #32]
 663              	.LBE43:
 664              	.LBE42:
 665              		.loc 1 124 45 view .LVU202
 666 0008 91ED007A 		vldr.32	s14, [r1]
 667              	.LBB46:
 668              	.LBB44:
  99:src/Ramo.cpp  **** }
 669              		.loc 1 99 16 view .LVU203
 670 000c 67EEA67A 		vmul.f32	s15, s15, s13
 671              	.LVL23:
  99:src/Ramo.cpp  **** }
 672              		.loc 1 99 16 view .LVU204
 673              	.LBE44:
 674              	.LBE46:
 675              		.loc 1 124 45 view .LVU205
 676 0010 27EE277A 		vmul.f32	s14, s14, s15
 677              		.loc 1 124 23 view .LVU206
 678 0014 80ED0B7A 		vstr.32	s14, [r0, #44]
 122:src/Ramo.cpp  ****     {
 679              		.loc 1 122 5 is_stmt 1 view .LVU207
 680              	.LVL24:
 122:src/Ramo.cpp  ****     {
 681              		.loc 1 122 23 view .LVU208
 682              		.loc 1 124 9 view .LVU209
 683              	.LBB47:
  97:src/Ramo.cpp  **** {
ARM GAS  C:\Users\skipi\AppData\Local\Temp\ccbf8u4J.s 			page 19


 684              		.loc 1 97 7 view .LVU210
 685              	.LBB45:
  99:src/Ramo.cpp  **** }
 686              		.loc 1 99 5 view .LVU211
  99:src/Ramo.cpp  **** }
 687              		.loc 1 99 5 is_stmt 0 view .LVU212
 688              	.LBE45:
 689              	.LBE47:
 690              		.loc 1 124 45 view .LVU213
 691 0018 91ED017A 		vldr.32	s14, [r1, #4]
 692 001c 67EE277A 		vmul.f32	s15, s14, s15
 693              		.loc 1 124 23 view .LVU214
 694 0020 C0ED0C7A 		vstr.32	s15, [r0, #48]
 122:src/Ramo.cpp  ****     {
 695              		.loc 1 122 5 is_stmt 1 view .LVU215
 696              	.LVL25:
 122:src/Ramo.cpp  ****     {
 697              		.loc 1 122 23 view .LVU216
 698              	.LBE41:
 125:src/Ramo.cpp  ****     }
 126:src/Ramo.cpp  **** }
 699              		.loc 1 126 1 is_stmt 0 view .LVU217
 700 0024 7047     		bx	lr
 701              		.cfi_endproc
 702              	.LFE4825:
 704 0026 00BF     		.section	.text._ZN4Ramo6SetAmpEPf,"ax",%progbits
 705              		.align	1
 706              		.p2align 2,,3
 707              		.global	_ZN4Ramo6SetAmpEPf
 708              		.syntax unified
 709              		.thumb
 710              		.thumb_func
 711              		.fpu fpv5-d16
 713              	_ZN4Ramo6SetAmpEPf:
 714              	.LVL26:
 715              	.LFB4826:
 127:src/Ramo.cpp  **** 
 128:src/Ramo.cpp  **** 
 129:src/Ramo.cpp  **** 
 130:src/Ramo.cpp  **** 
 131:src/Ramo.cpp  **** void Ramo::SetAmp(float g[])
 132:src/Ramo.cpp  **** {
 716              		.loc 1 132 1 is_stmt 1 view -0
 717              		.cfi_startproc
 718              		@ args = 0, pretend = 0, frame = 0
 719              		@ frame_needed = 0, uses_anonymous_args = 0
 720              		@ link register save eliminated.
 133:src/Ramo.cpp  ****     for (int i = 0; i < n; i++)
 721              		.loc 1 133 5 view .LVU219
 722              	.LBB48:
 723              		.loc 1 133 23 view .LVU220
 134:src/Ramo.cpp  ****     {
 135:src/Ramo.cpp  ****         _amp[i] = g[i];
 724              		.loc 1 135 9 view .LVU221
 725              		.loc 1 135 22 is_stmt 0 view .LVU222
 726 0000 0B68     		ldr	r3, [r1]	@ float
 727              		.loc 1 135 17 view .LVU223
ARM GAS  C:\Users\skipi\AppData\Local\Temp\ccbf8u4J.s 			page 20


 728 0002 4360     		str	r3, [r0, #4]	@ float
 133:src/Ramo.cpp  ****     for (int i = 0; i < n; i++)
 729              		.loc 1 133 5 is_stmt 1 view .LVU224
 730              	.LVL27:
 133:src/Ramo.cpp  ****     for (int i = 0; i < n; i++)
 731              		.loc 1 133 23 view .LVU225
 732              		.loc 1 135 9 view .LVU226
 733              		.loc 1 135 22 is_stmt 0 view .LVU227
 734 0004 4B68     		ldr	r3, [r1, #4]	@ float
 735              		.loc 1 135 17 view .LVU228
 736 0006 8360     		str	r3, [r0, #8]	@ float
 133:src/Ramo.cpp  ****     for (int i = 0; i < n; i++)
 737              		.loc 1 133 5 is_stmt 1 view .LVU229
 738              	.LVL28:
 133:src/Ramo.cpp  ****     for (int i = 0; i < n; i++)
 739              		.loc 1 133 23 view .LVU230
 740              	.LBE48:
 136:src/Ramo.cpp  ****     }
 137:src/Ramo.cpp  **** }
 741              		.loc 1 137 1 is_stmt 0 view .LVU231
 742 0008 7047     		bx	lr
 743              		.cfi_endproc
 744              	.LFE4826:
 746 000a 00BF     		.section	.text._ZN4Ramo8SetShapeEf,"ax",%progbits
 747              		.align	1
 748              		.p2align 2,,3
 749              		.global	_ZN4Ramo8SetShapeEf
 750              		.syntax unified
 751              		.thumb
 752              		.thumb_func
 753              		.fpu fpv5-d16
 755              	_ZN4Ramo8SetShapeEf:
 756              	.LVL29:
 757              	.LFB4827:
 138:src/Ramo.cpp  **** 
 139:src/Ramo.cpp  **** void Ramo::SetShape(float s)
 140:src/Ramo.cpp  **** {
 758              		.loc 1 140 1 is_stmt 1 view -0
 759              		.cfi_startproc
 760              		@ args = 0, pretend = 0, frame = 0
 761              		@ frame_needed = 0, uses_anonymous_args = 0
 762              		@ link register save eliminated.
 141:src/Ramo.cpp  ****     _tresh = Th_MAX + s *(1-Th_MAX); ;
 763              		.loc 1 141 5 view .LVU233
 764              		.loc 1 141 23 is_stmt 0 view .LVU234
 765 0000 B7EEC04A 		vcvt.f64.f32	d4, s0
 142:src/Ramo.cpp  ****     _pw =  0.5f + s * 0.35f;
 766              		.loc 1 142 17 view .LVU235
 767 0004 DFED103A 		vldr.32	s7, .L55+16
 768 0008 F6EE006A 		vmov.f32	s13, #5.0e-1
 143:src/Ramo.cpp  ****     _c = s* 0.25;
 769              		.loc 1 143 11 view .LVU236
 770 000c B5EE006A 		vmov.f32	s12, #2.5e-1
 141:src/Ramo.cpp  ****     _tresh = Th_MAX + s *(1-Th_MAX); ;
 771              		.loc 1 141 21 view .LVU237
 772 0010 9FED095B 		vldr.64	d5, .L55
 773 0014 9FED0A7B 		vldr.64	d7, .L55+8
ARM GAS  C:\Users\skipi\AppData\Local\Temp\ccbf8u4J.s 			page 21


 142:src/Ramo.cpp  ****     _pw =  0.5f + s * 0.35f;
 774              		.loc 1 142 17 view .LVU238
 775 0018 E0EE236A 		vfma.f32	s13, s0, s7
 776              		.loc 1 143 11 view .LVU239
 777 001c 20EE060A 		vmul.f32	s0, s0, s12
 778              	.LVL30:
 141:src/Ramo.cpp  ****     _tresh = Th_MAX + s *(1-Th_MAX); ;
 779              		.loc 1 141 21 view .LVU240
 780 0020 A4EE057B 		vfma.f64	d7, d4, d5
 781              		.loc 1 143 8 view .LVU241
 782 0024 80ED060A 		vstr.32	s0, [r0, #24]
 142:src/Ramo.cpp  ****     _pw =  0.5f + s * 0.35f;
 783              		.loc 1 142 9 view .LVU242
 784 0028 C0ED046A 		vstr.32	s13, [r0, #16]
 141:src/Ramo.cpp  ****     _tresh = Th_MAX + s *(1-Th_MAX); ;
 785              		.loc 1 141 21 view .LVU243
 786 002c B7EEC77B 		vcvt.f32.f64	s14, d7
 787 0030 80ED057A 		vstr.32	s14, [r0, #20]
 141:src/Ramo.cpp  ****     _tresh = Th_MAX + s *(1-Th_MAX); ;
 788              		.loc 1 141 38 is_stmt 1 view .LVU244
 142:src/Ramo.cpp  ****     _pw =  0.5f + s * 0.35f;
 789              		.loc 1 142 5 view .LVU245
 790              		.loc 1 143 5 view .LVU246
 144:src/Ramo.cpp  **** }
 791              		.loc 1 144 1 is_stmt 0 view .LVU247
 792 0034 7047     		bx	lr
 793              	.L56:
 794 0036 00BF     		.align	3
 795              	.L55:
 796 0038 9A999999 		.word	-1717986918
 797 003c 9999D93F 		.word	1071225241
 798 0040 33333333 		.word	858993459
 799 0044 3333E33F 		.word	1071854387
 800 0048 3333B33E 		.word	1051931443
 801              		.cfi_endproc
 802              	.LFE4827:
 804              		.text
 805              	.Letext0:
 806              		.file 3 "c:\\program files\\daisytoolchain\\arm-none-eabi\\include\\machine\\_default_types.h"
 807              		.file 4 "c:\\program files\\daisytoolchain\\arm-none-eabi\\include\\sys\\_stdint.h"
 808              		.file 5 "c:\\program files\\daisytoolchain\\arm-none-eabi\\include\\stdint.h"
 809              		.file 6 "c:\\program files\\daisytoolchain\\lib\\gcc\\arm-none-eabi\\10.2.1\\include\\stddef.h"
 810              		.file 7 "c:\\program files\\daisytoolchain\\arm-none-eabi\\include\\c++\\10.2.1\\cmath"
 811              		.file 8 "c:\\program files\\daisytoolchain\\arm-none-eabi\\include\\c++\\10.2.1\\cstdint"
 812              		.file 9 "c:\\program files\\daisytoolchain\\arm-none-eabi\\include\\c++\\10.2.1\\cstdlib"
 813              		.file 10 "c:\\program files\\daisytoolchain\\arm-none-eabi\\include\\c++\\10.2.1\\type_traits"
 814              		.file 11 "c:\\program files\\daisytoolchain\\arm-none-eabi\\include\\c++\\10.2.1\\debug\\debug.h"
 815              		.file 12 "c:\\program files\\daisytoolchain\\arm-none-eabi\\include\\c++\\10.2.1\\cwchar"
 816              		.file 13 "c:\\program files\\daisytoolchain\\arm-none-eabi\\include\\c++\\10.2.1\\bits\\stl_pair.h
 817              		.file 14 "c:\\program files\\daisytoolchain\\arm-none-eabi\\include\\c++\\10.2.1\\bits\\exception_
 818              		.file 15 "c:\\program files\\daisytoolchain\\arm-none-eabi\\include\\c++\\10.2.1\\arm-none-eabi\\t
 819              		.file 16 "c:\\program files\\daisytoolchain\\arm-none-eabi\\include\\c++\\10.2.1\\clocale"
 820              		.file 17 "c:\\program files\\daisytoolchain\\arm-none-eabi\\include\\c++\\10.2.1\\cstdio"
 821              		.file 18 "c:\\program files\\daisytoolchain\\arm-none-eabi\\include\\c++\\10.2.1\\bits\\basic_stri
 822              		.file 19 "c:\\program files\\daisytoolchain\\arm-none-eabi\\include\\c++\\10.2.1\\bits\\charconv.h
 823              		.file 20 "c:\\program files\\daisytoolchain\\arm-none-eabi\\include\\c++\\10.2.1\\bits\\algorithmf
 824              		.file 21 "c:\\program files\\daisytoolchain\\arm-none-eabi\\include\\c++\\10.2.1\\cstring"
ARM GAS  C:\Users\skipi\AppData\Local\Temp\ccbf8u4J.s 			page 22


 825              		.file 22 "c:\\program files\\daisytoolchain\\arm-none-eabi\\include\\c++\\10.2.1\\cstdarg"
 826              		.file 23 "c:\\program files\\daisytoolchain\\arm-none-eabi\\include\\c++\\10.2.1\\bits\\predefined
 827              		.file 24 "c:\\program files\\daisytoolchain\\arm-none-eabi\\include\\sys\\_types.h"
 828              		.file 25 "c:\\program files\\daisytoolchain\\arm-none-eabi\\include\\sys\\reent.h"
 829              		.file 26 "c:\\program files\\daisytoolchain\\arm-none-eabi\\include\\sys\\lock.h"
 830              		.file 27 "c:\\program files\\daisytoolchain\\arm-none-eabi\\include\\math.h"
 831              		.file 28 "c:\\program files\\daisytoolchain\\arm-none-eabi\\include\\stdlib.h"
 832              		.file 29 "c:\\program files\\daisytoolchain\\arm-none-eabi\\include\\c++\\10.2.1\\math.h"
 833              		.file 30 "../../libs/DaisySP/Source/Control/adenv.h"
 834              		.file 31 "../../libs/DaisySP/Source/Utility/dsp.h"
 835              		.file 32 "c:\\program files\\daisytoolchain\\lib\\gcc\\arm-none-eabi\\10.2.1\\include\\stdarg.h"
 836              		.file 33 "c:\\program files\\daisytoolchain\\arm-none-eabi\\include\\wchar.h"
 837              		.file 34 "c:\\program files\\daisytoolchain\\arm-none-eabi\\include\\locale.h"
 838              		.file 35 "c:\\program files\\daisytoolchain\\arm-none-eabi\\include\\stdio.h"
 839              		.file 36 "c:\\program files\\daisytoolchain\\arm-none-eabi\\include\\c++\\10.2.1\\stdlib.h"
 840              		.file 37 "c:\\program files\\daisytoolchain\\arm-none-eabi\\include\\string.h"
 841              		.file 38 "../../libs/libDaisy/src/daisy_core.h"
 842              		.file 39 "../../libs/libDaisy/src/util/wav_format.h"
 843              		.file 40 "../../libs/libDaisy/src/dev/sr_595.h"
 844              		.file 41 "../../libs/libDaisy/src/dev/max11300.h"
 845              		.file 42 "../../libs/libDaisy/src/daisy_seed.h"
 846              		.file 43 "src/Ramo.h"
 847              		.file 44 "<built-in>"
ARM GAS  C:\Users\skipi\AppData\Local\Temp\ccbf8u4J.s 			page 23


DEFINED SYMBOLS
                            *ABS*:00000000 Ramo.cpp
C:\Users\skipi\AppData\Local\Temp\ccbf8u4J.s:17     .text._ZN4RamoC2Ev:00000000 $t
C:\Users\skipi\AppData\Local\Temp\ccbf8u4J.s:26     .text._ZN4RamoC2Ev:00000000 _ZN4RamoC2Ev
C:\Users\skipi\AppData\Local\Temp\ccbf8u4J.s:26     .text._ZN4RamoC2Ev:00000000 _ZN4RamoC1Ev
C:\Users\skipi\AppData\Local\Temp\ccbf8u4J.s:43     .text._ZN4RamoD2Ev:00000000 $t
C:\Users\skipi\AppData\Local\Temp\ccbf8u4J.s:51     .text._ZN4RamoD2Ev:00000000 _ZN4RamoD2Ev
C:\Users\skipi\AppData\Local\Temp\ccbf8u4J.s:51     .text._ZN4RamoD2Ev:00000000 _ZN4RamoD1Ev
C:\Users\skipi\AppData\Local\Temp\ccbf8u4J.s:67     .text._ZN4Ramo4InitEf:00000000 $t
C:\Users\skipi\AppData\Local\Temp\ccbf8u4J.s:75     .text._ZN4Ramo4InitEf:00000000 _ZN4Ramo4InitEf
C:\Users\skipi\AppData\Local\Temp\ccbf8u4J.s:179    .text._ZN4Ramo4InitEf:00000048 $d
C:\Users\skipi\AppData\Local\Temp\ccbf8u4J.s:184    .text._ZN4Ramo7ProcessEv:00000000 $t
C:\Users\skipi\AppData\Local\Temp\ccbf8u4J.s:192    .text._ZN4Ramo7ProcessEv:00000000 _ZN4Ramo7ProcessEv
C:\Users\skipi\AppData\Local\Temp\ccbf8u4J.s:234    .text._ZN4Ramo7ProcessEv:00000024 $d
C:\Users\skipi\AppData\Local\Temp\ccbf8u4J.s:238    .text._ZN4Ramo7ProcessEv:00000028 $t
C:\Users\skipi\AppData\Local\Temp\ccbf8u4J.s:481    .text._ZN4Ramo7ProcessEv:000001b0 $d
C:\Users\skipi\AppData\Local\Temp\ccbf8u4J.s:491    .text._ZN4Ramo12CalcPhaseIncEf:00000000 $t
C:\Users\skipi\AppData\Local\Temp\ccbf8u4J.s:499    .text._ZN4Ramo12CalcPhaseIncEf:00000000 _ZN4Ramo12CalcPhaseIncEf
C:\Users\skipi\AppData\Local\Temp\ccbf8u4J.s:519    .text._ZN4Ramo12SetWaveformsEPh:00000000 $t
C:\Users\skipi\AppData\Local\Temp\ccbf8u4J.s:527    .text._ZN4Ramo12SetWaveformsEPh:00000000 _ZN4Ramo12SetWaveformsEPh
C:\Users\skipi\AppData\Local\Temp\ccbf8u4J.s:567    .text._ZN4Ramo7SetFreqEf:00000000 $t
C:\Users\skipi\AppData\Local\Temp\ccbf8u4J.s:575    .text._ZN4Ramo7SetFreqEf:00000000 _ZN4Ramo7SetFreqEf
C:\Users\skipi\AppData\Local\Temp\ccbf8u4J.s:635    .text._ZN4Ramo9SetDetuneEPf:00000000 $t
C:\Users\skipi\AppData\Local\Temp\ccbf8u4J.s:643    .text._ZN4Ramo9SetDetuneEPf:00000000 _ZN4Ramo9SetDetuneEPf
C:\Users\skipi\AppData\Local\Temp\ccbf8u4J.s:705    .text._ZN4Ramo6SetAmpEPf:00000000 $t
C:\Users\skipi\AppData\Local\Temp\ccbf8u4J.s:713    .text._ZN4Ramo6SetAmpEPf:00000000 _ZN4Ramo6SetAmpEPf
C:\Users\skipi\AppData\Local\Temp\ccbf8u4J.s:747    .text._ZN4Ramo8SetShapeEf:00000000 $t
C:\Users\skipi\AppData\Local\Temp\ccbf8u4J.s:755    .text._ZN4Ramo8SetShapeEf:00000000 _ZN4Ramo8SetShapeEf
C:\Users\skipi\AppData\Local\Temp\ccbf8u4J.s:796    .text._ZN4Ramo8SetShapeEf:00000038 $d

UNDEFINED SYMBOLS
sinf
